2026-04-03 10:11:00 [error]: TypeError: this.verificarJornadasAtivas is not a function
    at Task._execution (C:\Ponto-Certo\backend\src\services\notificacaoService.js:31:28)
    at Task.execute (C:\Ponto-Certo\backend\node_modules\node-cron\src\task.js:17:25)
    at ScheduledTask.now (C:\Ponto-Certo\backend\node_modules\node-cron\src\scheduled-task.js:38:33)
    at Scheduler.<anonymous> (C:\Ponto-Certo\backend\node_modules\node-cron\src\scheduled-task.js:25:18)
    at Scheduler.emit (node:events:524:28)
    at Timeout.matchTime [as _onTimeout] (C:\Ponto-Certo\backend\node_modules\node-cron\src\scheduler.js:30:26)
    at listOnTimeout (node:internal/timers:581:17)
    at process.processTimers (node:internal/timers:519:7)
2026-04-03 10:12:00 [error]: TypeError: this.verificarJornadasAtivas is not a function
    at Task._execution (C:\Ponto-Certo\backend\src\services\notificacaoService.js:31:28)
    at Task.execute (C:\Ponto-Certo\backend\node_modules\node-cron\src\task.js:17:25)
    at ScheduledTask.now (C:\Ponto-Certo\backend\node_modules\node-cron\src\scheduled-task.js:38:33)
    at Scheduler.<anonymous> (C:\Ponto-Certo\backend\node_modules\node-cron\src\scheduled-task.js:25:18)
    at Scheduler.emit (node:events:524:28)
    at Timeout.matchTime [as _onTimeout] (C:\Ponto-Certo\backend\node_modules\node-cron\src\scheduler.js:30:26)
    at listOnTimeout (node:internal/timers:581:17)
    at process.processTimers (node:internal/timers:519:7)
2026-04-03 10:13:00 [error]: TypeError: this.verificarJornadasAtivas is not a function
    at Task._execution (C:\Ponto-Certo\backend\src\services\notificacaoService.js:31:28)
    at Task.execute (C:\Ponto-Certo\backend\node_modules\node-cron\src\task.js:17:25)
    at ScheduledTask.now (C:\Ponto-Certo\backend\node_modules\node-cron\src\scheduled-task.js:38:33)
    at Scheduler.<anonymous> (C:\Ponto-Certo\backend\node_modules\node-cron\src\scheduled-task.js:25:18)
    at Scheduler.emit (node:events:524:28)
    at Timeout.matchTime [as _onTimeout] (C:\Ponto-Certo\backend\node_modules\node-cron\src\scheduler.js:30:26)
    at listOnTimeout (node:internal/timers:581:17)
    at process.processTimers (node:internal/timers:519:7)
2026-04-03 10:14:00 [error]: TypeError: this.verificarJornadasAtivas is not a function
    at Task._execution (C:\Ponto-Certo\backend\src\services\notificacaoService.js:31:28)
    at Task.execute (C:\Ponto-Certo\backend\node_modules\node-cron\src\task.js:17:25)
    at ScheduledTask.now (C:\Ponto-Certo\backend\node_modules\node-cron\src\scheduled-task.js:38:33)
    at Scheduler.<anonymous> (C:\Ponto-Certo\backend\node_modules\node-cron\src\scheduled-task.js:25:18)
    at Scheduler.emit (node:events:524:28)
    at Timeout.matchTime [as _onTimeout] (C:\Ponto-Certo\backend\node_modules\node-cron\src\scheduler.js:30:26)
    at listOnTimeout (node:internal/timers:581:17)
    at process.processTimers (node:internal/timers:519:7)
2026-04-03 10:15:00 [error]: TypeError: this.verificarJornadasAtivas is not a function
    at Task._execution (C:\Ponto-Certo\backend\src\services\notificacaoService.js:31:28)
    at Task.execute (C:\Ponto-Certo\backend\node_modules\node-cron\src\task.js:17:25)
    at ScheduledTask.now (C:\Ponto-Certo\backend\node_modules\node-cron\src\scheduled-task.js:38:33)
    at Scheduler.<anonymous> (C:\Ponto-Certo\backend\node_modules\node-cron\src\scheduled-task.js:25:18)
    at Scheduler.emit (node:events:524:28)
    at Timeout.matchTime [as _onTimeout] (C:\Ponto-Certo\backend\node_modules\node-cron\src\scheduler.js:30:26)
    at listOnTimeout (node:internal/timers:581:17)
    at process.processTimers (node:internal/timers:519:7)
2026-04-03 10:16:00 [error]: TypeError: this.verificarJornadasAtivas is not a function
    at Task._execution (C:\Ponto-Certo\backend\src\services\notificacaoService.js:31:28)
    at Task.execute (C:\Ponto-Certo\backend\node_modules\node-cron\src\task.js:17:25)
    at ScheduledTask.now (C:\Ponto-Certo\backend\node_modules\node-cron\src\scheduled-task.js:38:33)
    at Scheduler.<anonymous> (C:\Ponto-Certo\backend\node_modules\node-cron\src\scheduled-task.js:25:18)
    at Scheduler.emit (node:events:524:28)
    at Timeout.matchTime [as _onTimeout] (C:\Ponto-Certo\backend\node_modules\node-cron\src\scheduler.js:30:26)
    at listOnTimeout (node:internal/timers:581:17)
    at process.processTimers (node:internal/timers:519:7)
2026-04-03 10:17:00 [error]: TypeError: this.verificarJornadasAtivas is not a function
    at Task._execution (C:\Ponto-Certo\backend\src\services\notificacaoService.js:31:28)
    at Task.execute (C:\Ponto-Certo\backend\node_modules\node-cron\src\task.js:17:25)
    at ScheduledTask.now (C:\Ponto-Certo\backend\node_modules\node-cron\src\scheduled-task.js:38:33)
    at Scheduler.<anonymous> (C:\Ponto-Certo\backend\node_modules\node-cron\src\scheduled-task.js:25:18)
    at Scheduler.emit (node:events:524:28)
    at Timeout.matchTime [as _onTimeout] (C:\Ponto-Certo\backend\node_modules\node-cron\src\scheduler.js:30:26)
    at listOnTimeout (node:internal/timers:581:17)
    at process.processTimers (node:internal/timers:519:7)
2026-04-03 10:18:00 [error]: TypeError: this.verificarJornadasAtivas is not a function
    at Task._execution (C:\Ponto-Certo\backend\src\services\notificacaoService.js:31:28)
    at Task.execute (C:\Ponto-Certo\backend\node_modules\node-cron\src\task.js:17:25)
    at ScheduledTask.now (C:\Ponto-Certo\backend\node_modules\node-cron\src\scheduled-task.js:38:33)
    at Scheduler.<anonymous> (C:\Ponto-Certo\backend\node_modules\node-cron\src\scheduled-task.js:25:18)
    at Scheduler.emit (node:events:524:28)
    at Timeout.matchTime [as _onTimeout] (C:\Ponto-Certo\backend\node_modules\node-cron\src\scheduler.js:30:26)
    at listOnTimeout (node:internal/timers:581:17)
    at process.processTimers (node:internal/timers:519:7)
2026-04-03 10:19:00 [error]: TypeError: this.verificarJornadasAtivas is not a function
    at Task._execution (C:\Ponto-Certo\backend\src\services\notificacaoService.js:31:28)
    at Task.execute (C:\Ponto-Certo\backend\node_modules\node-cron\src\task.js:17:25)
    at ScheduledTask.now (C:\Ponto-Certo\backend\node_modules\node-cron\src\scheduled-task.js:38:33)
    at Scheduler.<anonymous> (C:\Ponto-Certo\backend\node_modules\node-cron\src\scheduled-task.js:25:18)
    at Scheduler.emit (node:events:524:28)
    at Timeout.matchTime [as _onTimeout] (C:\Ponto-Certo\backend\node_modules\node-cron\src\scheduler.js:30:26)
    at listOnTimeout (node:internal/timers:581:17)
    at process.processTimers (node:internal/timers:519:7)
2026-04-03 10:20:00 [error]: TypeError: this.verificarJornadasAtivas is not a function
    at Task._execution (C:\Ponto-Certo\backend\src\services\notificacaoService.js:31:28)
    at Task.execute (C:\Ponto-Certo\backend\node_modules\node-cron\src\task.js:17:25)
    at ScheduledTask.now (C:\Ponto-Certo\backend\node_modules\node-cron\src\scheduled-task.js:38:33)
    at Scheduler.<anonymous> (C:\Ponto-Certo\backend\node_modules\node-cron\src\scheduled-task.js:25:18)
    at Scheduler.emit (node:events:524:28)
    at Timeout.matchTime [as _onTimeout] (C:\Ponto-Certo\backend\node_modules\node-cron\src\scheduler.js:30:26)
    at listOnTimeout (node:internal/timers:581:17)
    at process.processTimers (node:internal/timers:519:7)
2026-04-03 10:21:00 [error]: TypeError: this.verificarJornadasAtivas is not a function
    at Task._execution (C:\Ponto-Certo\backend\src\services\notificacaoService.js:31:28)
    at Task.execute (C:\Ponto-Certo\backend\node_modules\node-cron\src\task.js:17:25)
    at ScheduledTask.now (C:\Ponto-Certo\backend\node_modules\node-cron\src\scheduled-task.js:38:33)
    at Scheduler.<anonymous> (C:\Ponto-Certo\backend\node_modules\node-cron\src\scheduled-task.js:25:18)
    at Scheduler.emit (node:events:524:28)
    at Timeout.matchTime [as _onTimeout] (C:\Ponto-Certo\backend\node_modules\node-cron\src\scheduler.js:30:26)
    at listOnTimeout (node:internal/timers:581:17)
    at process.processTimers (node:internal/timers:519:7)
2026-04-03 10:22:00 [error]: TypeError: this.verificarJornadasAtivas is not a function
    at Task._execution (C:\Ponto-Certo\backend\src\services\notificacaoService.js:31:28)
    at Task.execute (C:\Ponto-Certo\backend\node_modules\node-cron\src\task.js:17:25)
    at ScheduledTask.now (C:\Ponto-Certo\backend\node_modules\node-cron\src\scheduled-task.js:38:33)
    at Scheduler.<anonymous> (C:\Ponto-Certo\backend\node_modules\node-cron\src\scheduled-task.js:25:18)
    at Scheduler.emit (node:events:524:28)
    at Timeout.matchTime [as _onTimeout] (C:\Ponto-Certo\backend\node_modules\node-cron\src\scheduler.js:30:26)
    at listOnTimeout (node:internal/timers:581:17)
    at process.processTimers (node:internal/timers:519:7)
2026-04-03 10:23:00 [error]: TypeError: this.verificarJornadasAtivas is not a function
    at Task._execution (C:\Ponto-Certo\backend\src\services\notificacaoService.js:31:28)
    at Task.execute (C:\Ponto-Certo\backend\node_modules\node-cron\src\task.js:17:25)
    at ScheduledTask.now (C:\Ponto-Certo\backend\node_modules\node-cron\src\scheduled-task.js:38:33)
    at Scheduler.<anonymous> (C:\Ponto-Certo\backend\node_modules\node-cron\src\scheduled-task.js:25:18)
    at Scheduler.emit (node:events:524:28)
    at Timeout.matchTime [as _onTimeout] (C:\Ponto-Certo\backend\node_modules\node-cron\src\scheduler.js:30:26)
    at listOnTimeout (node:internal/timers:581:17)
    at process.processTimers (node:internal/timers:519:7)
2026-04-03 10:24:00 [error]: TypeError: this.verificarJornadasAtivas is not a function
    at Task._execution (C:\Ponto-Certo\backend\src\services\notificacaoService.js:31:28)
    at Task.execute (C:\Ponto-Certo\backend\node_modules\node-cron\src\task.js:17:25)
    at ScheduledTask.now (C:\Ponto-Certo\backend\node_modules\node-cron\src\scheduled-task.js:38:33)
    at Scheduler.<anonymous> (C:\Ponto-Certo\backend\node_modules\node-cron\src\scheduled-task.js:25:18)
    at Scheduler.emit (node:events:524:28)
    at Timeout.matchTime [as _onTimeout] (C:\Ponto-Certo\backend\node_modules\node-cron\src\scheduler.js:30:26)
    at listOnTimeout (node:internal/timers:581:17)
    at process.processTimers (node:internal/timers:519:7)
2026-04-03 10:25:00 [error]: TypeError: this.verificarJornadasAtivas is not a function
    at Task._execution (C:\Ponto-Certo\backend\src\services\notificacaoService.js:31:28)
    at Task.execute (C:\Ponto-Certo\backend\node_modules\node-cron\src\task.js:17:25)
    at ScheduledTask.now (C:\Ponto-Certo\backend\node_modules\node-cron\src\scheduled-task.js:38:33)
    at Scheduler.<anonymous> (C:\Ponto-Certo\backend\node_modules\node-cron\src\scheduled-task.js:25:18)
    at Scheduler.emit (node:events:524:28)
    at Timeout.matchTime [as _onTimeout] (C:\Ponto-Certo\backend\node_modules\node-cron\src\scheduler.js:30:26)
    at listOnTimeout (node:internal/timers:581:17)
    at process.processTimers (node:internal/timers:519:7)
2026-04-03 10:26:00 [error]: TypeError: this.verificarJornadasAtivas is not a function
    at Task._execution (C:\Ponto-Certo\backend\src\services\notificacaoService.js:31:28)
    at Task.execute (C:\Ponto-Certo\backend\node_modules\node-cron\src\task.js:17:25)
    at ScheduledTask.now (C:\Ponto-Certo\backend\node_modules\node-cron\src\scheduled-task.js:38:33)
    at Scheduler.<anonymous> (C:\Ponto-Certo\backend\node_modules\node-cron\src\scheduled-task.js:25:18)
    at Scheduler.emit (node:events:524:28)
    at Timeout.matchTime [as _onTimeout] (C:\Ponto-Certo\backend\node_modules\node-cron\src\scheduler.js:30:26)
    at listOnTimeout (node:internal/timers:581:17)
    at process.processTimers (node:internal/timers:519:7)
2026-04-03 10:27:00 [error]: TypeError: this.verificarJornadasAtivas is not a function
    at Task._execution (C:\Ponto-Certo\backend\src\services\notificacaoService.js:31:28)
    at Task.execute (C:\Ponto-Certo\backend\node_modules\node-cron\src\task.js:17:25)
    at ScheduledTask.now (C:\Ponto-Certo\backend\node_modules\node-cron\src\scheduled-task.js:38:33)
    at Scheduler.<anonymous> (C:\Ponto-Certo\backend\node_modules\node-cron\src\scheduled-task.js:25:18)
    at Scheduler.emit (node:events:524:28)
    at Timeout.matchTime [as _onTimeout] (C:\Ponto-Certo\backend\node_modules\node-cron\src\scheduler.js:30:26)
    at listOnTimeout (node:internal/timers:581:17)
    at process.processTimers (node:internal/timers:519:7)
2026-04-03 10:27:42 [error]: ZodError: [
  {
    "code": "too_small",
    "minimum": 8,
    "type": "string",
    "inclusive": true,
    "exact": false,
    "message": "Senha deve ter no mínimo 8 caracteres",
    "path": [
      "senha"
    ]
  }
]
    at get error [as error] (C:\Ponto-Certo\backend\node_modules\zod\v3\types.cjs:45:31)
    at ZodObject.parse (C:\Ponto-Certo\backend\node_modules\zod\v3\types.cjs:120:22)
    at Object.register (C:\Ponto-Certo\backend\src\services\authService.js:48:42)
    at register (C:\Ponto-Certo\backend\src\controllers\authController.js:6:46)
    at Layer.handle [as handle_request] (C:\Ponto-Certo\backend\node_modules\express\lib\router\layer.js:95:5)
    at next (C:\Ponto-Certo\backend\node_modules\express\lib\router\route.js:149:13)
    at Route.dispatch (C:\Ponto-Certo\backend\node_modules\express\lib\router\route.js:119:3)
    at Layer.handle [as handle_request] (C:\Ponto-Certo\backend\node_modules\express\lib\router\layer.js:95:5)
    at C:\Ponto-Certo\backend\node_modules\express\lib\router\index.js:284:15
    at Function.process_params (C:\Ponto-Certo\backend\node_modules\express\lib\router\index.js:346:12)
2026-04-03 10:28:00 [error]: TypeError: this.verificarJornadasAtivas is not a function
    at Task._execution (C:\Ponto-Certo\backend\src\services\notificacaoService.js:31:28)
    at Task.execute (C:\Ponto-Certo\backend\node_modules\node-cron\src\task.js:17:25)
    at ScheduledTask.now (C:\Ponto-Certo\backend\node_modules\node-cron\src\scheduled-task.js:38:33)
    at Scheduler.<anonymous> (C:\Ponto-Certo\backend\node_modules\node-cron\src\scheduled-task.js:25:18)
    at Scheduler.emit (node:events:524:28)
    at Timeout.matchTime [as _onTimeout] (C:\Ponto-Certo\backend\node_modules\node-cron\src\scheduler.js:30:26)
    at listOnTimeout (node:internal/timers:581:17)
    at process.processTimers (node:internal/timers:519:7)
2026-04-03 10:28:06 [error]: AppError: Credenciais inválidas
    at Object.login (C:\Ponto-Certo\backend\src\services\authService.js:96:19)
    at async login (C:\Ponto-Certo\backend\src\controllers\authController.js:15:28)
2026-04-03 10:29:00 [error]: TypeError: this.verificarJornadasAtivas is not a function
    at Task._execution (C:\Ponto-Certo\backend\src\services\notificacaoService.js:31:28)
    at Task.execute (C:\Ponto-Certo\backend\node_modules\node-cron\src\task.js:17:25)
    at ScheduledTask.now (C:\Ponto-Certo\backend\node_modules\node-cron\src\scheduled-task.js:38:33)
    at Scheduler.<anonymous> (C:\Ponto-Certo\backend\node_modules\node-cron\src\scheduled-task.js:25:18)
    at Scheduler.emit (node:events:524:28)
    at Timeout.matchTime [as _onTimeout] (C:\Ponto-Certo\backend\node_modules\node-cron\src\scheduler.js:30:26)
    at listOnTimeout (node:internal/timers:581:17)
    at process.processTimers (node:internal/timers:519:7)
2026-04-03 10:29:44 [error]: AppError: Credenciais inválidas
    at Object.login (C:\Ponto-Certo\backend\src\services\authService.js:96:19)
    at async login (C:\Ponto-Certo\backend\src\controllers\authController.js:15:28)
2026-04-03 10:30:00 [error]: TypeError: this.verificarJornadasAtivas is not a function
    at Task._execution (C:\Ponto-Certo\backend\src\services\notificacaoService.js:31:28)
    at Task.execute (C:\Ponto-Certo\backend\node_modules\node-cron\src\task.js:17:25)
    at ScheduledTask.now (C:\Ponto-Certo\backend\node_modules\node-cron\src\scheduled-task.js:38:33)
    at Scheduler.<anonymous> (C:\Ponto-Certo\backend\node_modules\node-cron\src\scheduled-task.js:25:18)
    at Scheduler.emit (node:events:524:28)
    at Timeout.matchTime [as _onTimeout] (C:\Ponto-Certo\backend\node_modules\node-cron\src\scheduler.js:30:26)
    at listOnTimeout (node:internal/timers:581:17)
    at process.processTimers (node:internal/timers:519:7)
2026-04-03 10:30:21 [error]: AppError: Token de autenticação não fornecido
    at authMiddleware (C:\Ponto-Certo\backend\src\middlewares\authMiddleware.js:14:19)
    at Layer.handle [as handle_request] (C:\Ponto-Certo\backend\node_modules\express\lib\router\layer.js:95:5)
    at trim_prefix (C:\Ponto-Certo\backend\node_modules\express\lib\router\index.js:328:13)
    at C:\Ponto-Certo\backend\node_modules\express\lib\router\index.js:286:9
    at Function.process_params (C:\Ponto-Certo\backend\node_modules\express\lib\router\index.js:346:12)
    at next (C:\Ponto-Certo\backend\node_modules\express\lib\router\index.js:280:10)
    at Function.handle (C:\Ponto-Certo\backend\node_modules\express\lib\router\index.js:175:3)
    at router (C:\Ponto-Certo\backend\node_modules\express\lib\router\index.js:47:12)
    at Layer.handle [as handle_request] (C:\Ponto-Certo\backend\node_modules\express\lib\router\layer.js:95:5)
    at trim_prefix (C:\Ponto-Certo\backend\node_modules\express\lib\router\index.js:328:13)
2026-04-03 10:30:21 [error]: AppError: Token de autenticação não fornecido
    at authMiddleware (C:\Ponto-Certo\backend\src\middlewares\authMiddleware.js:14:19)
    at Layer.handle [as handle_request] (C:\Ponto-Certo\backend\node_modules\express\lib\router\layer.js:95:5)
    at trim_prefix (C:\Ponto-Certo\backend\node_modules\express\lib\router\index.js:328:13)
    at C:\Ponto-Certo\backend\node_modules\express\lib\router\index.js:286:9
    at Function.process_params (C:\Ponto-Certo\backend\node_modules\express\lib\router\index.js:346:12)
    at next (C:\Ponto-Certo\backend\node_modules\express\lib\router\index.js:280:10)
    at Function.handle (C:\Ponto-Certo\backend\node_modules\express\lib\router\index.js:175:3)
    at router (C:\Ponto-Certo\backend\node_modules\express\lib\router\index.js:47:12)
    at Layer.handle [as handle_request] (C:\Ponto-Certo\backend\node_modules\express\lib\router\layer.js:95:5)
    at trim_prefix (C:\Ponto-Certo\backend\node_modules\express\lib\router\index.js:328:13)
2026-04-03 10:30:21 [error]: AppError: Token de autenticação não fornecido
    at authMiddleware (C:\Ponto-Certo\backend\src\middlewares\authMiddleware.js:14:19)
    at Layer.handle [as handle_request] (C:\Ponto-Certo\backend\node_modules\express\lib\router\layer.js:95:5)
    at trim_prefix (C:\Ponto-Certo\backend\node_modules\express\lib\router\index.js:328:13)
    at C:\Ponto-Certo\backend\node_modules\express\lib\router\index.js:286:9
    at Function.process_params (C:\Ponto-Certo\backend\node_modules\express\lib\router\index.js:346:12)
    at next (C:\Ponto-Certo\backend\node_modules\express\lib\router\index.js:280:10)
    at Function.handle (C:\Ponto-Certo\backend\node_modules\express\lib\router\index.js:175:3)
    at router (C:\Ponto-Certo\backend\node_modules\express\lib\router\index.js:47:12)
    at Layer.handle [as handle_request] (C:\Ponto-Certo\backend\node_modules\express\lib\router\layer.js:95:5)
    at trim_prefix (C:\Ponto-Certo\backend\node_modules\express\lib\router\index.js:328:13)
2026-04-03 10:30:21 [error]: AppError: Token de autenticação não fornecido
    at authMiddleware (C:\Ponto-Certo\backend\src\middlewares\authMiddleware.js:14:19)
    at Layer.handle [as handle_request] (C:\Ponto-Certo\backend\node_modules\express\lib\router\layer.js:95:5)
    at trim_prefix (C:\Ponto-Certo\backend\node_modules\express\lib\router\index.js:328:13)
    at C:\Ponto-Certo\backend\node_modules\express\lib\router\index.js:286:9
    at Function.process_params (C:\Ponto-Certo\backend\node_modules\express\lib\router\index.js:346:12)
    at next (C:\Ponto-Certo\backend\node_modules\express\lib\router\index.js:280:10)
    at Function.handle (C:\Ponto-Certo\backend\node_modules\express\lib\router\index.js:175:3)
    at router (C:\Ponto-Certo\backend\node_modules\express\lib\router\index.js:47:12)
    at Layer.handle [as handle_request] (C:\Ponto-Certo\backend\node_modules\express\lib\router\layer.js:95:5)
    at trim_prefix (C:\Ponto-Certo\backend\node_modules\express\lib\router\index.js:328:13)
2026-04-03 10:31:00 [error]: TypeError: this.verificarJornadasAtivas is not a function
    at Task._execution (C:\Ponto-Certo\backend\src\services\notificacaoService.js:31:28)
    at Task.execute (C:\Ponto-Certo\backend\node_modules\node-cron\src\task.js:17:25)
    at ScheduledTask.now (C:\Ponto-Certo\backend\node_modules\node-cron\src\scheduled-task.js:38:33)
    at Scheduler.<anonymous> (C:\Ponto-Certo\backend\node_modules\node-cron\src\scheduled-task.js:25:18)
    at Scheduler.emit (node:events:524:28)
    at Timeout.matchTime [as _onTimeout] (C:\Ponto-Certo\backend\node_modules\node-cron\src\scheduler.js:30:26)
    at listOnTimeout (node:internal/timers:581:17)
    at process.processTimers (node:internal/timers:519:7)
2026-04-03 10:32:00 [error]: TypeError: this.verificarJornadasAtivas is not a function
    at Task._execution (C:\Ponto-Certo\backend\src\services\notificacaoService.js:31:28)
    at Task.execute (C:\Ponto-Certo\backend\node_modules\node-cron\src\task.js:17:25)
    at ScheduledTask.now (C:\Ponto-Certo\backend\node_modules\node-cron\src\scheduled-task.js:38:33)
    at Scheduler.<anonymous> (C:\Ponto-Certo\backend\node_modules\node-cron\src\scheduled-task.js:25:18)
    at Scheduler.emit (node:events:524:28)
    at Timeout.matchTime [as _onTimeout] (C:\Ponto-Certo\backend\node_modules\node-cron\src\scheduler.js:30:26)
    at listOnTimeout (node:internal/timers:581:17)
    at process.processTimers (node:internal/timers:519:7)
2026-04-03 10:33:00 [error]: TypeError: this.verificarJornadasAtivas is not a function
    at Task._execution (C:\Ponto-Certo\backend\src\services\notificacaoService.js:31:28)
    at Task.execute (C:\Ponto-Certo\backend\node_modules\node-cron\src\task.js:17:25)
    at ScheduledTask.now (C:\Ponto-Certo\backend\node_modules\node-cron\src\scheduled-task.js:38:33)
    at Scheduler.<anonymous> (C:\Ponto-Certo\backend\node_modules\node-cron\src\scheduled-task.js:25:18)
    at Scheduler.emit (node:events:524:28)
    at Timeout.matchTime [as _onTimeout] (C:\Ponto-Certo\backend\node_modules\node-cron\src\scheduler.js:30:26)
    at listOnTimeout (node:internal/timers:581:17)
    at process.processTimers (node:internal/timers:519:7)
2026-04-03 10:34:00 [error]: TypeError: this.verificarJornadasAtivas is not a function
    at Task._execution (C:\Ponto-Certo\backend\src\services\notificacaoService.js:31:28)
    at Task.execute (C:\Ponto-Certo\backend\node_modules\node-cron\src\task.js:17:25)
    at ScheduledTask.now (C:\Ponto-Certo\backend\node_modules\node-cron\src\scheduled-task.js:38:33)
    at Scheduler.<anonymous> (C:\Ponto-Certo\backend\node_modules\node-cron\src\scheduled-task.js:25:18)
    at Scheduler.emit (node:events:524:28)
    at Timeout.matchTime [as _onTimeout] (C:\Ponto-Certo\backend\node_modules\node-cron\src\scheduler.js:30:26)
    at listOnTimeout (node:internal/timers:581:17)
    at process.processTimers (node:internal/timers:519:7)
2026-04-03 10:35:00 [error]: TypeError: this.verificarJornadasAtivas is not a function
    at Task._execution (C:\Ponto-Certo\backend\src\services\notificacaoService.js:31:28)
    at Task.execute (C:\Ponto-Certo\backend\node_modules\node-cron\src\task.js:17:25)
    at ScheduledTask.now (C:\Ponto-Certo\backend\node_modules\node-cron\src\scheduled-task.js:38:33)
    at Scheduler.<anonymous> (C:\Ponto-Certo\backend\node_modules\node-cron\src\scheduled-task.js:25:18)
    at Scheduler.emit (node:events:524:28)
    at Timeout.matchTime [as _onTimeout] (C:\Ponto-Certo\backend\node_modules\node-cron\src\scheduler.js:30:26)
    at listOnTimeout (node:internal/timers:581:17)
    at process.processTimers (node:internal/timers:519:7)
2026-04-03 10:36:00 [error]: TypeError: this.verificarJornadasAtivas is not a function
    at Task._execution (C:\Ponto-Certo\backend\src\services\notificacaoService.js:31:28)
    at Task.execute (C:\Ponto-Certo\backend\node_modules\node-cron\src\task.js:17:25)
    at ScheduledTask.now (C:\Ponto-Certo\backend\node_modules\node-cron\src\scheduled-task.js:38:33)
    at Scheduler.<anonymous> (C:\Ponto-Certo\backend\node_modules\node-cron\src\scheduled-task.js:25:18)
    at Scheduler.emit (node:events:524:28)
    at Timeout.matchTime [as _onTimeout] (C:\Ponto-Certo\backend\node_modules\node-cron\src\scheduler.js:30:26)
    at listOnTimeout (node:internal/timers:581:17)
    at process.processTimers (node:internal/timers:519:7)
2026-04-03 10:37:00 [error]: TypeError: this.verificarJornadasAtivas is not a function
    at Task._execution (C:\Ponto-Certo\backend\src\services\notificacaoService.js:31:28)
    at Task.execute (C:\Ponto-Certo\backend\node_modules\node-cron\src\task.js:17:25)
    at ScheduledTask.now (C:\Ponto-Certo\backend\node_modules\node-cron\src\scheduled-task.js:38:33)
    at Scheduler.<anonymous> (C:\Ponto-Certo\backend\node_modules\node-cron\src\scheduled-task.js:25:18)
    at Scheduler.emit (node:events:524:28)
    at Timeout.matchTime [as _onTimeout] (C:\Ponto-Certo\backend\node_modules\node-cron\src\scheduler.js:30:26)
    at listOnTimeout (node:internal/timers:581:17)
    at process.processTimers (node:internal/timers:519:7)
2026-04-03 10:38:00 [error]: TypeError: this.verificarJornadasAtivas is not a function
    at Task._execution (C:\Ponto-Certo\backend\src\services\notificacaoService.js:31:28)
    at Task.execute (C:\Ponto-Certo\backend\node_modules\node-cron\src\task.js:17:25)
    at ScheduledTask.now (C:\Ponto-Certo\backend\node_modules\node-cron\src\scheduled-task.js:38:33)
    at Scheduler.<anonymous> (C:\Ponto-Certo\backend\node_modules\node-cron\src\scheduled-task.js:25:18)
    at Scheduler.emit (node:events:524:28)
    at Timeout.matchTime [as _onTimeout] (C:\Ponto-Certo\backend\node_modules\node-cron\src\scheduler.js:30:26)
    at listOnTimeout (node:internal/timers:581:17)
    at process.processTimers (node:internal/timers:519:7)
2026-04-03 10:39:00 [error]: TypeError: this.verificarJornadasAtivas is not a function
    at Task._execution (C:\Ponto-Certo\backend\src\services\notificacaoService.js:31:28)
    at Task.execute (C:\Ponto-Certo\backend\node_modules\node-cron\src\task.js:17:25)
    at ScheduledTask.now (C:\Ponto-Certo\backend\node_modules\node-cron\src\scheduled-task.js:38:33)
    at Scheduler.<anonymous> (C:\Ponto-Certo\backend\node_modules\node-cron\src\scheduled-task.js:25:18)
    at Scheduler.emit (node:events:524:28)
    at Timeout.matchTime [as _onTimeout] (C:\Ponto-Certo\backend\node_modules\node-cron\src\scheduler.js:30:26)
    at listOnTimeout (node:internal/timers:581:17)
    at process.processTimers (node:internal/timers:519:7)
2026-04-03 10:40:00 [error]: TypeError: this.verificarJornadasAtivas is not a function
    at Task._execution (C:\Ponto-Certo\backend\src\services\notificacaoService.js:31:28)
    at Task.execute (C:\Ponto-Certo\backend\node_modules\node-cron\src\task.js:17:25)
    at ScheduledTask.now (C:\Ponto-Certo\backend\node_modules\node-cron\src\scheduled-task.js:38:33)
    at Scheduler.<anonymous> (C:\Ponto-Certo\backend\node_modules\node-cron\src\scheduled-task.js:25:18)
    at Scheduler.emit (node:events:524:28)
    at Timeout.matchTime [as _onTimeout] (C:\Ponto-Certo\backend\node_modules\node-cron\src\scheduler.js:30:26)
    at listOnTimeout (node:internal/timers:581:17)
    at process.processTimers (node:internal/timers:519:7)
2026-04-03 10:41:00 [error]: TypeError: this.verificarJornadasAtivas is not a function
    at Task._execution (C:\Ponto-Certo\backend\src\services\notificacaoService.js:31:28)
    at Task.execute (C:\Ponto-Certo\backend\node_modules\node-cron\src\task.js:17:25)
    at ScheduledTask.now (C:\Ponto-Certo\backend\node_modules\node-cron\src\scheduled-task.js:38:33)
    at Scheduler.<anonymous> (C:\Ponto-Certo\backend\node_modules\node-cron\src\scheduled-task.js:25:18)
    at Scheduler.emit (node:events:524:28)
    at Timeout.matchTime [as _onTimeout] (C:\Ponto-Certo\backend\node_modules\node-cron\src\scheduler.js:30:26)
    at listOnTimeout (node:internal/timers:581:17)
    at process.processTimers (node:internal/timers:519:7)
2026-04-03 10:42:00 [error]: TypeError: this.verificarJornadasAtivas is not a function
    at Task._execution (C:\Ponto-Certo\backend\src\services\notificacaoService.js:31:28)
    at Task.execute (C:\Ponto-Certo\backend\node_modules\node-cron\src\task.js:17:25)
    at ScheduledTask.now (C:\Ponto-Certo\backend\node_modules\node-cron\src\scheduled-task.js:38:33)
    at Scheduler.<anonymous> (C:\Ponto-Certo\backend\node_modules\node-cron\src\scheduled-task.js:25:18)
    at Scheduler.emit (node:events:524:28)
    at Timeout.matchTime [as _onTimeout] (C:\Ponto-Certo\backend\node_modules\node-cron\src\scheduler.js:30:26)
    at listOnTimeout (node:internal/timers:581:17)
    at process.processTimers (node:internal/timers:519:7)
2026-04-03 10:43:00 [error]: TypeError: this.verificarJornadasAtivas is not a function
    at Task._execution (C:\Ponto-Certo\backend\src\services\notificacaoService.js:31:28)
    at Task.execute (C:\Ponto-Certo\backend\node_modules\node-cron\src\task.js:17:25)
    at ScheduledTask.now (C:\Ponto-Certo\backend\node_modules\node-cron\src\scheduled-task.js:38:33)
    at Scheduler.<anonymous> (C:\Ponto-Certo\backend\node_modules\node-cron\src\scheduled-task.js:25:18)
    at Scheduler.emit (node:events:524:28)
    at Timeout.matchTime [as _onTimeout] (C:\Ponto-Certo\backend\node_modules\node-cron\src\scheduler.js:30:26)
    at listOnTimeout (node:internal/timers:581:17)
    at process.processTimers (node:internal/timers:519:7)
2026-04-03 10:44:00 [error]: TypeError: this.verificarJornadasAtivas is not a function
    at Task._execution (C:\Ponto-Certo\backend\src\services\notificacaoService.js:31:28)
    at Task.execute (C:\Ponto-Certo\backend\node_modules\node-cron\src\task.js:17:25)
    at ScheduledTask.now (C:\Ponto-Certo\backend\node_modules\node-cron\src\scheduled-task.js:38:33)
    at Scheduler.<anonymous> (C:\Ponto-Certo\backend\node_modules\node-cron\src\scheduled-task.js:25:18)
    at Scheduler.emit (node:events:524:28)
    at Timeout.matchTime [as _onTimeout] (C:\Ponto-Certo\backend\node_modules\node-cron\src\scheduler.js:30:26)
    at listOnTimeout (node:internal/timers:581:17)
    at process.processTimers (node:internal/timers:519:7)
2026-04-03 10:45:00 [error]: TypeError: this.verificarJornadasAtivas is not a function
    at Task._execution (C:\Ponto-Certo\backend\src\services\notificacaoService.js:31:28)
    at Task.execute (C:\Ponto-Certo\backend\node_modules\node-cron\src\task.js:17:25)
    at ScheduledTask.now (C:\Ponto-Certo\backend\node_modules\node-cron\src\scheduled-task.js:38:33)
    at Scheduler.<anonymous> (C:\Ponto-Certo\backend\node_modules\node-cron\src\scheduled-task.js:25:18)
    at Scheduler.emit (node:events:524:28)
    at Timeout.matchTime [as _onTimeout] (C:\Ponto-Certo\backend\node_modules\node-cron\src\scheduler.js:30:26)
    at listOnTimeout (node:internal/timers:581:17)
    at process.processTimers (node:internal/timers:519:7)
2026-04-03 10:46:00 [error]: TypeError: this.verificarJornadasAtivas is not a function
    at Task._execution (C:\Ponto-Certo\backend\src\services\notificacaoService.js:31:28)
    at Task.execute (C:\Ponto-Certo\backend\node_modules\node-cron\src\task.js:17:25)
    at ScheduledTask.now (C:\Ponto-Certo\backend\node_modules\node-cron\src\scheduled-task.js:38:33)
    at Scheduler.<anonymous> (C:\Ponto-Certo\backend\node_modules\node-cron\src\scheduled-task.js:25:18)
    at Scheduler.emit (node:events:524:28)
    at Timeout.matchTime [as _onTimeout] (C:\Ponto-Certo\backend\node_modules\node-cron\src\scheduler.js:30:26)
    at listOnTimeout (node:internal/timers:581:17)
    at process.processTimers (node:internal/timers:519:7)
2026-04-03 10:46:08 [error]: TokenExpiredError: jwt expired
    at C:\Ponto-Certo\backend\node_modules\jsonwebtoken\verify.js:190:21
    at getSecret (C:\Ponto-Certo\backend\node_modules\jsonwebtoken\verify.js:97:14)
    at module.exports [as verify] (C:\Ponto-Certo\backend\node_modules\jsonwebtoken\verify.js:101:10)
    at authMiddleware (C:\Ponto-Certo\backend\src\middlewares\authMiddleware.js:26:29)
    at process.processTicksAndRejections (node:internal/process/task_queues:95:5)
2026-04-03 10:47:00 [error]: TypeError: this.verificarJornadasAtivas is not a function
    at Task._execution (C:\Ponto-Certo\backend\src\services\notificacaoService.js:31:28)
    at Task.execute (C:\Ponto-Certo\backend\node_modules\node-cron\src\task.js:17:25)
    at ScheduledTask.now (C:\Ponto-Certo\backend\node_modules\node-cron\src\scheduled-task.js:38:33)
    at Scheduler.<anonymous> (C:\Ponto-Certo\backend\node_modules\node-cron\src\scheduled-task.js:25:18)
    at Scheduler.emit (node:events:524:28)
    at Timeout.matchTime [as _onTimeout] (C:\Ponto-Certo\backend\node_modules\node-cron\src\scheduler.js:30:26)
    at listOnTimeout (node:internal/timers:581:17)
    at process.processTimers (node:internal/timers:519:7)
2026-04-03 10:48:00 [error]: TypeError: this.verificarJornadasAtivas is not a function
    at Task._execution (C:\Ponto-Certo\backend\src\services\notificacaoService.js:31:28)
    at Task.execute (C:\Ponto-Certo\backend\node_modules\node-cron\src\task.js:17:25)
    at ScheduledTask.now (C:\Ponto-Certo\backend\node_modules\node-cron\src\scheduled-task.js:38:33)
    at Scheduler.<anonymous> (C:\Ponto-Certo\backend\node_modules\node-cron\src\scheduled-task.js:25:18)
    at Scheduler.emit (node:events:524:28)
    at Timeout.matchTime [as _onTimeout] (C:\Ponto-Certo\backend\node_modules\node-cron\src\scheduler.js:30:26)
    at listOnTimeout (node:internal/timers:581:17)
    at process.processTimers (node:internal/timers:519:7)
2026-04-03 10:49:00 [error]: TypeError: this.verificarJornadasAtivas is not a function
    at Task._execution (C:\Ponto-Certo\backend\src\services\notificacaoService.js:31:28)
    at Task.execute (C:\Ponto-Certo\backend\node_modules\node-cron\src\task.js:17:25)
    at ScheduledTask.now (C:\Ponto-Certo\backend\node_modules\node-cron\src\scheduled-task.js:38:33)
    at Scheduler.<anonymous> (C:\Ponto-Certo\backend\node_modules\node-cron\src\scheduled-task.js:25:18)
    at Scheduler.emit (node:events:524:28)
    at Timeout.matchTime [as _onTimeout] (C:\Ponto-Certo\backend\node_modules\node-cron\src\scheduler.js:30:26)
    at listOnTimeout (node:internal/timers:581:17)
    at process.processTimers (node:internal/timers:519:7)
2026-04-03 10:50:00 [error]: TypeError: this.verificarJornadasAtivas is not a function
    at Task._execution (C:\Ponto-Certo\backend\src\services\notificacaoService.js:31:28)
    at Task.execute (C:\Ponto-Certo\backend\node_modules\node-cron\src\task.js:17:25)
    at ScheduledTask.now (C:\Ponto-Certo\backend\node_modules\node-cron\src\scheduled-task.js:38:33)
    at Scheduler.<anonymous> (C:\Ponto-Certo\backend\node_modules\node-cron\src\scheduled-task.js:25:18)
    at Scheduler.emit (node:events:524:28)
    at Timeout.matchTime [as _onTimeout] (C:\Ponto-Certo\backend\node_modules\node-cron\src\scheduler.js:30:26)
    at listOnTimeout (node:internal/timers:581:17)
    at process.processTimers (node:internal/timers:519:7)
2026-04-03 10:51:00 [error]: TypeError: this.verificarJornadasAtivas is not a function
    at Task._execution (C:\Ponto-Certo\backend\src\services\notificacaoService.js:31:28)
    at Task.execute (C:\Ponto-Certo\backend\node_modules\node-cron\src\task.js:17:25)
    at ScheduledTask.now (C:\Ponto-Certo\backend\node_modules\node-cron\src\scheduled-task.js:38:33)
    at Scheduler.<anonymous> (C:\Ponto-Certo\backend\node_modules\node-cron\src\scheduled-task.js:25:18)
    at Scheduler.emit (node:events:524:28)
    at Timeout.matchTime [as _onTimeout] (C:\Ponto-Certo\backend\node_modules\node-cron\src\scheduler.js:30:26)
    at listOnTimeout (node:internal/timers:581:17)
    at process.processTimers (node:internal/timers:519:7)
2026-04-03 10:53:00 [error]: TypeError: this.verificarJornadasAtivas is not a function
    at Task._execution (C:\Ponto-Certo\backend\src\services\notificacaoService.js:31:28)
    at Task.execute (C:\Ponto-Certo\backend\node_modules\node-cron\src\task.js:17:25)
    at ScheduledTask.now (C:\Ponto-Certo\backend\node_modules\node-cron\src\scheduled-task.js:38:33)
    at Scheduler.<anonymous> (C:\Ponto-Certo\backend\node_modules\node-cron\src\scheduled-task.js:25:18)
    at Scheduler.emit (node:events:524:28)
    at Timeout.matchTime [as _onTimeout] (C:\Ponto-Certo\backend\node_modules\node-cron\src\scheduler.js:30:26)
    at listOnTimeout (node:internal/timers:581:17)
    at process.processTimers (node:internal/timers:519:7)
2026-04-03 10:53:40 [error]: AppError: Token de autenticação não fornecido
    at authMiddleware (C:\Ponto-Certo\backend\src\middlewares\authMiddleware.js:14:19)
    at Layer.handle [as handle_request] (C:\Ponto-Certo\backend\node_modules\express\lib\router\layer.js:95:5)
    at trim_prefix (C:\Ponto-Certo\backend\node_modules\express\lib\router\index.js:328:13)
    at C:\Ponto-Certo\backend\node_modules\express\lib\router\index.js:286:9
    at Function.process_params (C:\Ponto-Certo\backend\node_modules\express\lib\router\index.js:346:12)
    at next (C:\Ponto-Certo\backend\node_modules\express\lib\router\index.js:280:10)
    at Function.handle (C:\Ponto-Certo\backend\node_modules\express\lib\router\index.js:175:3)
    at router (C:\Ponto-Certo\backend\node_modules\express\lib\router\index.js:47:12)
    at Layer.handle [as handle_request] (C:\Ponto-Certo\backend\node_modules\express\lib\router\layer.js:95:5)
    at trim_prefix (C:\Ponto-Certo\backend\node_modules\express\lib\router\index.js:328:13)
2026-04-03 10:54:00 [error]: TypeError: this.verificarJornadasAtivas is not a function
    at Task._execution (C:\Ponto-Certo\backend\src\services\notificacaoService.js:31:28)
    at Task.execute (C:\Ponto-Certo\backend\node_modules\node-cron\src\task.js:17:25)
    at ScheduledTask.now (C:\Ponto-Certo\backend\node_modules\node-cron\src\scheduled-task.js:38:33)
    at Scheduler.<anonymous> (C:\Ponto-Certo\backend\node_modules\node-cron\src\scheduled-task.js:25:18)
    at Scheduler.emit (node:events:524:28)
    at Timeout.matchTime [as _onTimeout] (C:\Ponto-Certo\backend\node_modules\node-cron\src\scheduler.js:30:26)
    at listOnTimeout (node:internal/timers:581:17)
    at process.processTimers (node:internal/timers:519:7)
2026-04-03 10:55:00 [error]: TypeError: this.verificarJornadasAtivas is not a function
    at Task._execution (C:\Ponto-Certo\backend\src\services\notificacaoService.js:31:28)
    at Task.execute (C:\Ponto-Certo\backend\node_modules\node-cron\src\task.js:17:25)
    at ScheduledTask.now (C:\Ponto-Certo\backend\node_modules\node-cron\src\scheduled-task.js:38:33)
    at Scheduler.<anonymous> (C:\Ponto-Certo\backend\node_modules\node-cron\src\scheduled-task.js:25:18)
    at Scheduler.emit (node:events:524:28)
    at Timeout.matchTime [as _onTimeout] (C:\Ponto-Certo\backend\node_modules\node-cron\src\scheduler.js:30:26)
    at listOnTimeout (node:internal/timers:581:17)
    at process.processTimers (node:internal/timers:519:7)
2026-04-03 10:56:00 [error]: TypeError: this.verificarJornadasAtivas is not a function
    at Task._execution (C:\Ponto-Certo\backend\src\services\notificacaoService.js:31:28)
    at Task.execute (C:\Ponto-Certo\backend\node_modules\node-cron\src\task.js:17:25)
    at ScheduledTask.now (C:\Ponto-Certo\backend\node_modules\node-cron\src\scheduled-task.js:38:33)
    at Scheduler.<anonymous> (C:\Ponto-Certo\backend\node_modules\node-cron\src\scheduled-task.js:25:18)
    at Scheduler.emit (node:events:524:28)
    at Timeout.matchTime [as _onTimeout] (C:\Ponto-Certo\backend\node_modules\node-cron\src\scheduler.js:30:26)
    at listOnTimeout (node:internal/timers:581:17)
    at process.processTimers (node:internal/timers:519:7)
2026-04-03 11:08:29 [error]: AppError: Credenciais inválidas
    at Object.login (C:\Ponto-Certo\backend\src\services\authService.js:96:19)
    at async login (C:\Ponto-Certo\backend\src\controllers\authController.js:15:28)
2026-04-03 11:09:01 [error]: TokenExpiredError: jwt expired
    at C:\Ponto-Certo\backend\node_modules\jsonwebtoken\verify.js:190:21
    at getSecret (C:\Ponto-Certo\backend\node_modules\jsonwebtoken\verify.js:97:14)
    at module.exports [as verify] (C:\Ponto-Certo\backend\node_modules\jsonwebtoken\verify.js:101:10)
    at authMiddleware (C:\Ponto-Certo\backend\src\middlewares\authMiddleware.js:26:29)
    at process.processTicksAndRejections (node:internal/process/task_queues:95:5)
2026-04-03 11:09:01 [error]: TokenExpiredError: jwt expired
    at C:\Ponto-Certo\backend\node_modules\jsonwebtoken\verify.js:190:21
    at getSecret (C:\Ponto-Certo\backend\node_modules\jsonwebtoken\verify.js:97:14)
    at module.exports [as verify] (C:\Ponto-Certo\backend\node_modules\jsonwebtoken\verify.js:101:10)
    at authMiddleware (C:\Ponto-Certo\backend\src\middlewares\authMiddleware.js:26:29)
    at process.processTicksAndRejections (node:internal/process/task_queues:95:5)
2026-04-03 11:09:01 [error]: TokenExpiredError: jwt expired
    at C:\Ponto-Certo\backend\node_modules\jsonwebtoken\verify.js:190:21
    at getSecret (C:\Ponto-Certo\backend\node_modules\jsonwebtoken\verify.js:97:14)
    at module.exports [as verify] (C:\Ponto-Certo\backend\node_modules\jsonwebtoken\verify.js:101:10)
    at authMiddleware (C:\Ponto-Certo\backend\src\middlewares\authMiddleware.js:26:29)
    at process.processTicksAndRejections (node:internal/process/task_queues:95:5)
2026-04-03 11:09:01 [error]: TokenExpiredError: jwt expired
    at C:\Ponto-Certo\backend\node_modules\jsonwebtoken\verify.js:190:21
    at getSecret (C:\Ponto-Certo\backend\node_modules\jsonwebtoken\verify.js:97:14)
    at module.exports [as verify] (C:\Ponto-Certo\backend\node_modules\jsonwebtoken\verify.js:101:10)
    at authMiddleware (C:\Ponto-Certo\backend\src\middlewares\authMiddleware.js:26:29)
    at process.processTicksAndRejections (node:internal/process/task_queues:95:5)
2026-04-03 11:09:01 [error]: TokenExpiredError: jwt expired
    at C:\Ponto-Certo\backend\node_modules\jsonwebtoken\verify.js:190:21
    at getSecret (C:\Ponto-Certo\backend\node_modules\jsonwebtoken\verify.js:97:14)
    at module.exports [as verify] (C:\Ponto-Certo\backend\node_modules\jsonwebtoken\verify.js:101:10)
    at authMiddleware (C:\Ponto-Certo\backend\src\middlewares\authMiddleware.js:26:29)
    at process.processTicksAndRejections (node:internal/process/task_queues:95:5)
2026-04-03 11:09:01 [error]: TokenExpiredError: jwt expired
    at C:\Ponto-Certo\backend\node_modules\jsonwebtoken\verify.js:190:21
    at getSecret (C:\Ponto-Certo\backend\node_modules\jsonwebtoken\verify.js:97:14)
    at module.exports [as verify] (C:\Ponto-Certo\backend\node_modules\jsonwebtoken\verify.js:101:10)
    at authMiddleware (C:\Ponto-Certo\backend\src\middlewares\authMiddleware.js:26:29)
    at process.processTicksAndRejections (node:internal/process/task_queues:95:5)
2026-04-03 11:14:50 [error]: AppError: Credenciais inválidas
    at Object.login (C:\Ponto-Certo\backend\src\services\authService.js:96:19)
    at async login (C:\Ponto-Certo\backend\src\controllers\authController.js:15:28)
